[    0.000000] Linux version 4.15.0-159-generic (buildd@lgw01-amd64-055) (gcc version 7.5.0 (Ubuntu 7.5.0-3ubuntu1~18.04)) #167-Ubuntu SMP Tue Sep 21 08:55:05 UTC 2021 (Ubuntu 4.15.0-159.167-generic 4.15.18)
[    0.000000] Command line: BOOT_IMAGE=/boot/vmlinuz-4.15.0-159-generic root=LABEL=cloudimg-rootfs ro console=tty1 console=ttyS0
[    0.000000] KERNEL supported cpus:
[    0.000000]   Intel GenuineIntel
[    0.000000]   AMD AuthenticAMD
[    0.000000]   Centaur CentaurHauls
[    0.000000] x86/fpu: x87 FPU will use FXSAVE
[    0.000000] e820: BIOS-provided physical RAM map:
[    0.000000] BIOS-e820: [mem 0x0000000000000000-0x000000000009fbff] usable
[    0.000000] BIOS-e820: [mem 0x000000000009fc00-0x000000000009ffff] reserved
[    0.000000] BIOS-e820: [mem 0x00000000000f0000-0x00000000000fffff] reserved
[    0.000000] BIOS-e820: [mem 0x0000000000100000-0x000000003ffeffff] usable
[    0.000000] BIOS-e820: [mem 0x000000003fff0000-0x000000003fffffff] ACPI data
[    0.000000] BIOS-e820: [mem 0x00000000fec00000-0x00000000fec00fff] reserved
[    0.000000] BIOS-e820: [mem 0x00000000fee00000-0x00000000fee00fff] reserved
[    0.000000] BIOS-e820: [mem 0x00000000fffc0000-0x00000000ffffffff] reserved
[    0.000000] NX (Execute Disable) protection: active
[    0.000000] SMBIOS 2.5 present.
[    0.000000] DMI: innotek GmbH VirtualBox/VirtualBox, BIOS VirtualBox 12/01/2006
[    0.000000] Hypervisor detected: KVM
[    0.000000] e820: last_pfn = 0x3fff0 max_arch_pfn = 0x400000000
[    0.000000] MTRR: Disabled
[    0.000000] x86/PAT: MTRRs disabled, skipping PAT initialization too.
[    0.000000] CPU MTRRs all blank - virtualized system.
[    0.000000] x86/PAT: Configuration [0-7]: WB  WT  UC- UC  WB  WT  UC- UC  
[    0.000000] found SMP MP-table at [mem 0x0009fff0-0x0009ffff]
[    0.000000] Scanning 1 areas for low memory corruption
[    0.000000] RAMDISK: [mem 0x359cb000-0x36cdcfff]
[    0.000000] ACPI: Early table checksum verification disabled
[    0.000000] ACPI: RSDP 0x00000000000E0000 000024 (v02 VBOX  )
[    0.000000] ACPI: XSDT 0x000000003FFF0030 00003C (v01 VBOX   VBOXXSDT 00000001 ASL  00000061)
[    0.000000] ACPI: FACP 0x000000003FFF00F0 0000F4 (v04 VBOX   VBOXFACP 00000001 ASL  00000061)
[    0.000000] ACPI: DSDT 0x000000003FFF0470 002325 (v02 VBOX   VBOXBIOS 00000002 INTL 20100528)
[    0.000000] ACPI: FACS 0x000000003FFF0200 000040
[    0.000000] ACPI: FACS 0x000000003FFF0200 000040
[    0.000000] ACPI: APIC 0x000000003FFF0240 00005C (v02 VBOX   VBOXAPIC 00000001 ASL  00000061)
[    0.000000] ACPI: SSDT 0x000000003FFF02A0 0001CC (v01 VBOX   VBOXCPUT 00000002 INTL 20100528)
[    0.000000] ACPI: Reserving FACP table memory at [mem 0x3fff00f0-0x3fff01e3]
[    0.000000] ACPI: Reserving DSDT table memory at [mem 0x3fff0470-0x3fff2794]
[    0.000000] ACPI: Reserving FACS table memory at [mem 0x3fff0200-0x3fff023f]
[    0.000000] ACPI: Reserving FACS table memory at [mem 0x3fff0200-0x3fff023f]
[    0.000000] ACPI: Reserving APIC table memory at [mem 0x3fff0240-0x3fff029b]
[    0.000000] ACPI: Reserving SSDT table memory at [mem 0x3fff02a0-0x3fff046b]
[    0.000000] No NUMA configuration found
[    0.000000] Faking a node at [mem 0x0000000000000000-0x000000003ffeffff]
[    0.000000] NODE_DATA(0) allocated [mem 0x3ffc5000-0x3ffeffff]
[    0.000000] kvm-clock: cpu 0, msr 0:3ff44001, primary cpu clock
[    0.000000] kvm-clock: Using msrs 4b564d01 and 4b564d00
[    0.000000] kvm-clock: using sched offset of 6128607968 cycles
[    0.000000] clocksource: kvm-clock: mask: 0xffffffffffffffff max_cycles: 0x1cd42e4dffb, max_idle_ns: 881590591483 ns
[    0.000000] Zone ranges:
[    0.000000]   DMA      [mem 0x0000000000001000-0x0000000000ffffff]
[    0.000000]   DMA32    [mem 0x0000000001000000-0x000000003ffeffff]
[    0.000000]   Normal   empty
[    0.000000]   Device   empty
[    0.000000] Movable zone start for each node
[    0.000000] Early memory node ranges
[    0.000000]   node   0: [mem 0x0000000000001000-0x000000000009efff]
[    0.000000]   node   0: [mem 0x0000000000100000-0x000000003ffeffff]
[    0.000000] Reserved but unavailable: 104 pages
[    0.000000] Initmem setup node 0 [mem 0x0000000000001000-0x000000003ffeffff]
[    0.000000] ACPI: PM-Timer IO Port: 0x4008
[    0.000000] IOAPIC[0]: apic_id 2, version 32, address 0xfec00000, GSI 0-23
[    0.000000] ACPI: INT_SRC_OVR (bus 0 bus_irq 0 global_irq 2 dfl dfl)
[    0.000000] ACPI: INT_SRC_OVR (bus 0 bus_irq 9 global_irq 9 low level)
[    0.000000] Using ACPI (MADT) for SMP configuration information
[    0.000000] smpboot: Allowing 2 CPUs, 0 hotplug CPUs
[    0.000000] PM: Registered nosave memory: [mem 0x00000000-0x00000fff]
[    0.000000] PM: Registered nosave memory: [mem 0x0009f000-0x0009ffff]
[    0.000000] PM: Registered nosave memory: [mem 0x000a0000-0x000effff]
[    0.000000] PM: Registered nosave memory: [mem 0x000f0000-0x000fffff]
[    0.000000] e820: [mem 0x40000000-0xfebfffff] available for PCI devices
[    0.000000] Booting paravirtualized kernel on KVM
[    0.000000] clocksource: refined-jiffies: mask: 0xffffffff max_cycles: 0xffffffff, max_idle_ns: 7645519600211568 ns
[    0.000000] random: get_random_bytes called from start_kernel+0x99/0x500 with crng_init=0
[    0.000000] setup_percpu: NR_CPUS:8192 nr_cpumask_bits:2 nr_cpu_ids:2 nr_node_ids:1
[    0.000000] percpu: Embedded 45 pages/cpu s147456 r8192 d28672 u1048576
[    0.000000] PV qspinlock hash table entries: 256 (order: 0, 4096 bytes)
[    0.000000] Built 1 zonelists, mobility grouping on.  Total pages: 257913
[    0.000000] Policy zone: DMA32
[    0.000000] Kernel command line: BOOT_IMAGE=/boot/vmlinuz-4.15.0-159-generic root=LABEL=cloudimg-rootfs ro console=tty1 console=ttyS0
[    0.000000] Memory: 982708K/1048120K available (12300K kernel code, 2483K rwdata, 4320K rodata, 2448K init, 2724K bss, 65412K reserved, 0K cma-reserved)
[    0.000000] SLUB: HWalign=64, Order=0-3, MinObjects=0, CPUs=2, Nodes=1
[    0.000000] Kernel/User page tables isolation: enabled
[    0.000000] ftrace: allocating 39471 entries in 155 pages
[    0.004000] Hierarchical RCU implementation.
[    0.004000] 	RCU restricting CPUs from NR_CPUS=8192 to nr_cpu_ids=2.
[    0.004000] 	Tasks RCU enabled.
[    0.004000] RCU: Adjusting geometry for rcu_fanout_leaf=16, nr_cpu_ids=2
[    0.004000] NR_IRQS: 524544, nr_irqs: 440, preallocated irqs: 16
[    0.004000] Console: colour VGA+ 80x25
[    0.004000] console [tty1] enabled
[    0.004000] console [ttyS0] enabled
[    0.004000] ACPI: Core revision 20170831
[    0.004000] ACPI: 2 ACPI AML tables successfully acquired and loaded
[    0.004000] APIC: Switch to symmetric I/O mode setup
[    0.004000] ..TIMER: vector=0x30 apic1=0 pin1=2 apic2=-1 pin2=-1
[    0.004000] tsc: Detected 2494.224 MHz processor
[    0.004000] Calibrating delay loop (skipped) preset value.. 4988.44 BogoMIPS (lpj=9976896)
[    0.004007] pid_max: default: 32768 minimum: 301
[    0.008094] Security Framework initialized
[    0.012005] Yama: becoming mindful.
[    0.016122] AppArmor: AppArmor initialized
[    0.033288] Dentry cache hash table entries: 131072 (order: 8, 1048576 bytes)
[    0.040319] Inode-cache hash table entries: 65536 (order: 7, 524288 bytes)
[    0.044118] Mount-cache hash table entries: 2048 (order: 2, 16384 bytes)
[    0.048105] Mountpoint-cache hash table entries: 2048 (order: 2, 16384 bytes)
[    0.053799] Last level iTLB entries: 4KB 1024, 2MB 1024, 4MB 1024
[    0.056004] Last level dTLB entries: 4KB 1024, 2MB 1024, 4MB 1024, 1GB 4
[    0.060005] Spectre V1 : Mitigation: usercopy/swapgs barriers and __user pointer sanitization
[    0.064008] Spectre V2 : Mitigation: Full generic retpoline
[    0.068005] Spectre V2 : Spectre v2 / SpectreRSB mitigation: Filling RSB on context switch
[    0.072005] Speculative Store Bypass: Vulnerable
[    0.076057] MDS: Mitigation: Clear CPU buffers
[    0.080186] Freeing SMP alternatives memory: 36K
[    0.198505] smpboot: CPU0: Intel(R) Core(TM) i5-4200M CPU @ 2.50GHz (family: 0x6, model: 0x3c, stepping: 0x3)
[    0.200592] Performance Events: unsupported p6 CPU model 60 no PMU driver, software events only.
[    0.204211] Hierarchical SRCU implementation.
[    0.213064] NMI watchdog: Perf event create on CPU 0 failed with -2
[    0.216004] NMI watchdog: Perf NMI watchdog permanently disabled
[    0.220438] smp: Bringing up secondary CPUs ...
[    0.225241] x86: Booting SMP configuration:
[    0.228092] .... node  #0, CPUs:      #1
[    0.004000] kvm-clock: cpu 1, msr 0:3ff44041, secondary cpu clock
[    0.242518] TSC synchronization [CPU#0 -> CPU#1]:
[    0.244000] Measured 109796 cycles TSC warp between CPUs, turning off TSC clock.
[    0.244000] tsc: Marking TSC unstable due to check_tsc_sync_source failed
[    0.252366] smp: Brought up 1 node, 2 CPUs
[    0.256008] smpboot: Max logical packages: 1
[    0.260008] smpboot: Total of 2 processors activated (9976.89 BogoMIPS)
[    0.268885] devtmpfs: initialized
[    0.272135] x86/mm: Memory block size: 128MB
[    0.276711] evm: security.selinux
[    0.280006] evm: security.SMACK64
[    0.284003] evm: security.SMACK64EXEC
[    0.288003] evm: security.SMACK64TRANSMUTE
[    0.292004] evm: security.SMACK64MMAP
[    0.296003] evm: security.apparmor
[    0.300004] evm: security.ima
[    0.304003] evm: security.capability
[    0.312493] clocksource: jiffies: mask: 0xffffffff max_cycles: 0xffffffff, max_idle_ns: 7645041785100000 ns
[    0.316024] futex hash table entries: 512 (order: 3, 32768 bytes)
[    0.320252] pinctrl core: initialized pinctrl subsystem
[    0.325047] RTC time: 22:49:17, date: 10/04/21
[    0.329692] NET: Registered protocol family 16
[    0.332167] audit: initializing netlink subsys (disabled)
[    0.336248] audit: type=2000 audit(1633387764.478:1): state=initialized audit_enabled=0 res=1
[    0.348008] cpuidle: using governor ladder
[    0.352010] cpuidle: using governor menu
[    0.356046] ACPI: bus type PCI registered
[    0.360006] acpiphp: ACPI Hot Plug PCI Controller Driver version: 0.5
[    0.364690] PCI: Using configuration type 1 for base access
[    0.376501] HugeTLB registered 2.00 MiB page size, pre-allocated 0 pages
[    0.384907] ACPI: Added _OSI(Module Device)
[    0.388130] ACPI: Added _OSI(Processor Device)
[    0.392009] ACPI: Added _OSI(3.0 _SCP Extensions)
[    0.396006] ACPI: Added _OSI(Processor Aggregator Device)
[    0.400008] ACPI: Added _OSI(Linux-Dell-Video)
[    0.404007] ACPI: Added _OSI(Linux-Lenovo-NV-HDMI-Audio)
[    0.408007] ACPI: Added _OSI(Linux-HPI-Hybrid-Graphics)
[    0.413168] ACPI: Executed 1 blocks of module-level executable AML code
[    0.428957] ACPI: Interpreter enabled
[    0.432021] ACPI: (supports S0 S5)
[    0.436005] ACPI: Using IOAPIC for interrupt routing
[    0.440777] PCI: Using host bridge windows from ACPI; if necessary, use "pci=nocrs" and report a bug
[    0.448350] ACPI: Enabled 2 GPEs in block 00 to 07
[    0.470237] ACPI: PCI Root Bridge [PCI0] (domain 0000 [bus 00-ff])
[    0.472016] acpi PNP0A03:00: _OSC: OS supports [ASPM ClockPM Segments MSI]
[    0.480073] acpi PNP0A03:00: _OSC: not requesting OS control; OS requires [ExtendedConfig ASPM ClockPM MSI]
[    0.484020] acpi PNP0A03:00: fail to add MMCONFIG information, can't access extended PCI configuration space under this bridge.
[    0.489114] PCI host bridge to bus 0000:00
[    0.492007] pci_bus 0000:00: root bus resource [io  0x0000-0x0cf7 window]
[    0.500013] pci_bus 0000:00: root bus resource [io  0x0d00-0xffff window]
[    0.504134] pci_bus 0000:00: root bus resource [mem 0x000a0000-0x000bffff window]
[    0.508006] pci_bus 0000:00: root bus resource [mem 0x40000000-0xfdffffff window]
[    0.512005] pci_bus 0000:00: root bus resource [bus 00-ff]
[    0.527630] pci 0000:00:01.1: legacy IDE quirk: reg 0x10: [io  0x01f0-0x01f7]
[    0.528008] pci 0000:00:01.1: legacy IDE quirk: reg 0x14: [io  0x03f6]
[    0.532006] pci 0000:00:01.1: legacy IDE quirk: reg 0x18: [io  0x0170-0x0177]
[    0.536006] pci 0000:00:01.1: legacy IDE quirk: reg 0x1c: [io  0x0376]
[    0.609507] pci 0000:00:07.0: quirk: [io  0x4000-0x403f] claimed by PIIX4 ACPI
[    0.612050] pci 0000:00:07.0: quirk: [io  0x4100-0x410f] claimed by PIIX4 SMB
[    0.630491] ACPI: PCI Interrupt Link [LNKA] (IRQs 5 9 10 *11)
[    0.632705] ACPI: PCI Interrupt Link [LNKB] (IRQs 5 9 *10 11)
[    0.636274] ACPI: PCI Interrupt Link [LNKC] (IRQs 5 *9 10 11)
[    0.640279] ACPI: PCI Interrupt Link [LNKD] (IRQs 5 9 10 *11)
[    0.645121] SCSI subsystem initialized
[    0.648375] pci 0000:00:02.0: vgaarb: setting as boot VGA device
[    0.652000] pci 0000:00:02.0: vgaarb: VGA device added: decodes=io+mem,owns=io+mem,locks=none
[    0.652009] pci 0000:00:02.0: vgaarb: bridge control possible
[    0.656005] vgaarb: loaded
[    0.660116] ACPI: bus type USB registered
[    0.664059] usbcore: registered new interface driver usbfs
[    0.668031] usbcore: registered new interface driver hub
[    0.672021] usbcore: registered new device driver usb
[    0.676348] EDAC MC: Ver: 3.0.0
[    0.684431] PCI: Using ACPI for IRQ routing
[    0.688986] NetLabel: Initializing
[    0.692004] NetLabel:  domain hash size = 128
[    0.696003] NetLabel:  protocols = UNLABELED CIPSOv4 CALIPSO
[    0.700042] NetLabel:  unlabeled traffic allowed by default
[    0.708234] clocksource: Switched to clocksource kvm-clock
[    0.718099] VFS: Disk quotas dquot_6.6.0
[    0.718099] VFS: Dquot-cache hash table entries: 512 (order 0, 4096 bytes)
[    0.718099] AppArmor: AppArmor Filesystem Enabled
[    0.718099] pnp: PnP ACPI init
[    0.718099] pnp: PnP ACPI: found 3 devices
[    0.869354] clocksource: acpi_pm: mask: 0xffffff max_cycles: 0xffffff, max_idle_ns: 2085701024 ns
[    0.872353] NET: Registered protocol family 2
[    0.872353] IP idents hash table entries: 16384 (order: 5, 131072 bytes)
[    0.894862] TCP established hash table entries: 8192 (order: 4, 65536 bytes)
[    0.904421] TCP bind hash table entries: 8192 (order: 5, 131072 bytes)
[    0.914355] TCP: Hash tables configured (established 8192 bind 8192)
[    0.917404] UDP hash table entries: 512 (order: 2, 16384 bytes)
[    0.917404] UDP-Lite hash table entries: 512 (order: 2, 16384 bytes)
[    0.917404] NET: Registered protocol family 1
[    0.917404] pci 0000:00:00.0: Limiting direct PCI/PCI transfers
[    0.917404] pci 0000:00:01.0: Activating ISA DMA hang workarounds
[    0.917404] pci 0000:00:02.0: Video device with shadowed ROM at [mem 0x000c0000-0x000dffff]
[    0.917404] Unpacking initramfs...
[    1.792010] Freeing initrd memory: 19528K
[    1.798280] clocksource: tsc: mask: 0xffffffffffffffff max_cycles: 0x23f3e9a353a, max_idle_ns: 440795330815 ns
[    1.810912] platform rtc_cmos: registered platform RTC device (no PNP device found)
[    1.821149] Scanning for low memory corruption every 60 seconds
[    1.830760] Initialise system trusted keyrings
[    1.837366] Key type blacklist registered
[    1.842928] workingset: timestamp_bits=36 max_order=18 bucket_order=0
[    1.852422] zbud: loaded
[    1.857412] squashfs: version 4.0 (2009/01/31) Phillip Lougher
[    1.865620] fuse init (API version 7.26)
[    1.892778] Key type asymmetric registered
[    1.898173] Asymmetric key parser 'x509' registered
[    1.903980] Block layer SCSI generic (bsg) driver version 0.4 loaded (major 246)
[    1.913193] io scheduler noop registered
[    1.918559] io scheduler deadline registered
[    1.923957] io scheduler cfq registered (default)
[    1.930509] ACPI: AC Adapter [AC] (on-line)
[    1.935732] input: Power Button as /devices/LNXSYSTM:00/LNXPWRBN:00/input/input0
[    1.945632] ACPI: Power Button [PWRF]
[    1.952050] input: Sleep Button as /devices/LNXSYSTM:00/LNXSLPBN:00/input/input1
[    1.963264] ACPI: Sleep Button [SLPF]
[    1.971368] ACPI: Battery Slot [BAT0] (battery present)
[    1.978418] Serial: 8250/16550 driver, 32 ports, IRQ sharing enabled
[    2.021371] 00:02: ttyS0 at I/O 0x3f8 (irq = 4, base_baud = 115200) is a 16550A
[    2.051795] Linux agpgart interface v0.103
[    2.066341] loop: module loaded
[    2.075216] scsi host0: ata_piix
[    2.082053] scsi host1: ata_piix
[    2.087003] ata1: PATA max UDMA/33 cmd 0x1f0 ctl 0x3f6 bmdma 0xd000 irq 14
[    2.095812] ata2: PATA max UDMA/33 cmd 0x170 ctl 0x376 bmdma 0xd008 irq 15
[    2.104807] libphy: Fixed MDIO Bus: probed
[    2.110371] tun: Universal TUN/TAP device driver, 1.6
[    2.119739] PPP generic driver version 2.4.2
[    2.126231] ehci_hcd: USB 2.0 'Enhanced' Host Controller (EHCI) Driver
[    2.134640] ehci-pci: EHCI PCI platform driver
[    2.140861] ehci-platform: EHCI generic platform driver
[    2.147301] ohci_hcd: USB 1.1 'Open' Host Controller (OHCI) Driver
[    2.154299] ohci-pci: OHCI PCI platform driver
[    2.160213] ohci-platform: OHCI generic platform driver
[    2.166148] uhci_hcd: USB Universal Host Controller Interface driver
[    2.173190] i8042: PNP: PS/2 Controller [PNP0303:PS2K,PNP0f03:PS2M] at 0x60,0x64 irq 1,12
[    2.186252] serio: i8042 KBD port at 0x60,0x64 irq 1
[    2.191911] serio: i8042 AUX port at 0x60,0x64 irq 12
[    2.199248] mousedev: PS/2 mouse device common for all mice
[    2.209003] input: AT Translated Set 2 keyboard as /devices/platform/i8042/serio0/input/input2
[    2.210229] rtc_cmos rtc_cmos: rtc core: registered rtc_cmos as rtc0
[    2.232652] rtc_cmos rtc_cmos: alarms up to one day, 114 bytes nvram
[    2.239757] i2c /dev entries driver
[    2.243479] device-mapper: uevent: version 1.0.3
[    2.243698] device-mapper: ioctl: 4.37.0-ioctl (2017-09-20) initialised: dm-devel@redhat.com
[    2.258486] ledtrig-cpu: registered to indicate activity on CPUs
[    2.272491] NET: Registered protocol family 10
[    2.309365] Segment Routing with IPv6
[    2.314736] NET: Registered protocol family 17
[    2.341272] Key type dns_resolver registered
[    2.348070] mce: Using 0 MCE banks
[    2.353366] RAS: Correctable Errors collector initialized.
[    2.359916] sched_clock: Marking stable (2359844325, 0)->(3890053348, -1530209023)
[    2.371344] registered taskstats version 1
[    2.376514] Loading compiled-in X.509 certificates
[    2.389735] Loaded X.509 cert 'Build time autogenerated kernel key: bf5768e0b2369bd53acb56866ca104cf5a2c379b'
[    2.402485] Loaded X.509 cert 'Canonical Ltd. Live Patch Signing: 14df34d1a87cf37625abec039ef2bf521249b969'
[    2.416387] Loaded X.509 cert 'Canonical Ltd. Kernel Module Signing: 88f752e560a1e0737e31163a466ad7b70a850c19'
[    2.427457] zswap: loaded using pool lzo/zbud
[    2.442713] Key type big_key registered
[    2.447642] Key type trusted registered
[    2.457152] Key type encrypted registered
[    2.462028] AppArmor: AppArmor sha1 policy hashing enabled
[    2.468946] ima: No TPM chip found, activating TPM-bypass! (rc=-19)
[    2.476750] ima: Allocated hash algorithm: sha1
[    2.483702] evm: HMAC attrs: 0x1
[    2.488996]   Magic number: 9:447:855
[    2.493903]   hash matches /build/linux-teTg6M/linux-4.15.0/drivers/base/power/main.c:647
[    2.503260]   hash matches /build/linux-teTg6M/linux-4.15.0/drivers/base/power/main.c:599
[    2.512862] rtc_cmos rtc_cmos: setting system clock to 2021-10-04 22:49:20 UTC (1633387760)
[    2.522243] BIOS EDD facility v0.16 2004-Jun-25, 0 devices found
[    2.528615] EDD information not available.
[    2.537527] Freeing unused kernel image memory: 2448K
[    2.565205] Write protecting the kernel read-only data: 20480k
[    2.572984] Freeing unused kernel image memory: 2008K
[    2.579765] Freeing unused kernel image memory: 1824K
[    2.591579] x86/mm: Checked W+X mappings: passed, no W+X pages found.
[    2.599159] x86/mm: Checking user space page tables
[    2.610943] x86/mm: Checked W+X mappings: passed, no W+X pages found.
Loading, please wait...
starting version 237
[    2.757483] e1000: Intel(R) PRO/1000 Network Driver - version 7.3.21-k8-NAPI
[    2.766480] e1000: Copyright (c) 1999-2006 Intel Corporation.
[    2.779230] Fusion MPT base driver 3.04.20
[    2.785212] Copyright (c) 1999-2008 LSI Corporation
[    2.842508] Fusion MPT SPI Host driver 3.04.20
[    3.059849] input: ImExPS/2 Generic Explorer Mouse as /devices/platform/i8042/serio1/input/input4
[    3.619345] e1000 0000:00:03.0 eth0: (PCI:33MHz:32-bit) 02:2f:77:f1:0c:e0
[    3.627316] e1000 0000:00:03.0 eth0: Intel(R) PRO/1000 Network Connection
[    3.638534] mptbase: ioc0: Initiating bringup
[    3.639319] e1000 0000:00:03.0 enp0s3: renamed from eth0
[    3.821057] ioc0: LSI53C1030 A0: Capabilities={Initiator}
[    4.879166] scsi host2: ioc0: LSI53C1030 A0, FwRev=00000000h, Ports=1, MaxQ=256, IRQ=20
[    5.303114] scsi 2:0:0:0: Direct-Access     VBOX     HARDDISK         1.0  PQ: 0 ANSI: 5
[    5.470771] scsi target2:0:0: Beginning Domain Validation
[    5.489883] scsi target2:0:0: Domain Validation skipping write tests
[    5.496918] scsi target2:0:0: Ending Domain Validation
[    5.502986] scsi target2:0:0: asynchronous
[    5.510303] scsi 2:0:1:0: Direct-Access     VBOX     HARDDISK         1.0  PQ: 0 ANSI: 5
[    5.945046] scsi target2:0:1: Beginning Domain Validation
[    5.952371] random: fast init done
[    5.965886] scsi target2:0:1: Domain Validation skipping write tests
[    5.974872] scsi target2:0:1: Ending Domain Validation
[    5.984098] scsi target2:0:1: asynchronous
[    6.008302] random: systemd-udevd: uninitialized urandom read (16 bytes read)
[    6.010602] sd 2:0:0:0: [sda] 83886080 512-byte logical blocks: (42.9 GB/40.0 GiB)
[    6.019359] random: systemd-udevd: uninitialized urandom read (16 bytes read)
[    6.028312] sd 2:0:0:0: Attached scsi generic sg0 type 0
[    6.037947] random: systemd-udevd: uninitialized urandom read (16 bytes read)
[    6.044487] sd 2:0:0:0: [sda] Write Protect is off
[    6.060674] sd 2:0:1:0: Attached scsi generic sg1 type 0
[    6.061014] sd 2:0:0:0: [sda] Incomplete mode parameter data
[    6.075188] sd 2:0:0:0: [sda] Assuming drive cache: write through
[    6.084355] sd 2:0:1:0: [sdb] 20480 512-byte logical blocks: (10.5 MB/10.0 MiB)
[    6.096326] sd 2:0:1:0: [sdb] Write Protect is off
[    6.104688] sd 2:0:1:0: [sdb] Incomplete mode parameter data
[    6.111641]  sda: sda1
[    6.113727] sd 2:0:1:0: [sdb] Assuming drive cache: write through
[    6.130723] sd 2:0:0:0: [sda] Attached SCSI disk
[    6.163314] sd 2:0:1:0: [sdb] Attached SCSI disk
Begin: Loading essential drivers ... [    8.928419] raid6: sse2x1   gen()  8900 MB/s
[    8.980202] raid6: sse2x1   xor()  4838 MB/s
[    9.032249] raid6: sse2x2   gen()  8546 MB/s
[    9.084662] raid6: sse2x2   xor()  5660 MB/s
[    9.136249] raid6: sse2x4   gen() 12035 MB/s
[    9.188745] raid6: sse2x4   xor()  7177 MB/s
[    9.194093] raid6: using algorithm sse2x4 gen() 12035 MB/s
[    9.200584] raid6: .... xor() 7177 MB/s, rmw enabled
[    9.205880] raid6: using ssse3x2 recovery algorithm
[    9.214565] xor: measuring software checksum speed
[    9.260552]    prefetch64-sse: 19819.000 MB/sec
[    9.304655]    generic_sse: 15422.000 MB/sec
[    9.311852] xor: using function: prefetch64-sse (19819.000 MB/sec)
[    9.327109] async_tx: api initialized (async)
done.
Begin: Running /scripts/init-premount ... done.
Begin: Mounting root file system ... Begin: Running /scripts/local-top ... done.
Begin: Running /scripts/local-premount ... [    9.445867] Btrfs loaded, crc32c=crc32c-intel
Scanning for Btrfs filesystems
done.
Warning: fsck not present, so skipping root file system
[    9.551171] EXT4-fs (sda1): mounted filesystem with ordered data mode. Opts: (null)
done.
Begin: Running /scripts/local-bottom ... done.
Begin: Running /scripts/init-bottom ... done.
[   10.538007] ip_tables: (C) 2000-2006 Netfilter Core Team
[   10.614407] systemd[1]: systemd 237 running in system mode. (+PAM +AUDIT +SELINUX +IMA +APPARMOR +SMACK +SYSVINIT +UTMP +LIBCRYPTSETUP +GCRYPT +GNUTLS +ACL +XZ +LZ4 +SECCOMP +BLKID +ELFUTILS +KMOD -IDN2 +IDN -PCRE2 default-hierarchy=hybrid)
[   10.640766] systemd[1]: Detected virtualization oracle.
[   10.646771] systemd[1]: Detected architecture x86-64.

Welcome to [1mUbuntu 18.04.6 LTS[0m!

[   10.733814] systemd[1]: Set hostname to <ubuntu>.
[   10.780692] systemd[1]: Initializing machine ID from random generator.
[   10.788360] systemd[1]: Installed transient /etc/machine-id file.
[   11.442933] random: crng init done
[   11.447916] random: 7 urandom warning(s) missed due to ratelimiting
[   12.130617] systemd[1]: Reached target User and Group Name Lookups.
[[0;32m  OK  [0m] Reached target User and Group Name Lookups.
[   12.145357] systemd[1]: Started Forward Password Requests to Wall Directory Watch.
[[0;32m  OK  [0m] Started Forward Password Requests to Wall Directory Watch.
[   12.162121] systemd[1]: Reached target System Time Synchronized.
[[0;32m  OK  [0m] Reached target System Time Synchronized.
[   12.189007] systemd[1]: Created slice System Slice.
[[0;32m  OK  [0m] Created slice System Slice.
[[0;32m  OK  [0m] Created slice system-serial\x2dgetty.slice.
[[0;32m  OK  [0m] Listening on Network Service Netlink Socket.
[[0;32m  OK  [0m] Listening on udev Kernel Socket.
[[0;32m  OK  [0m] Listening on Device-mapper event daemon FIFOs.
[[0;32m  OK  [0m] Listening on udev Control Socket.
[[0;32m  OK  [0m] Listening on fsck to fsckd communication Socket.
[[0;32m  OK  [0m] Set up automount Arbitrary Executab…rmats File System Automount Point.
[[0;32m  OK  [0m] Listening on /dev/initctl Compatibility Named Pipe.
[[0;32m  OK  [0m] Created slice User and Session Slice.
[[0;32m  OK  [0m] Reached target Slices.
[[0;32m  OK  [0m] Listening on Journal Socket (/dev/log).
[[0;32m  OK  [0m] Reached target Swap.
[[0;32m  OK  [0m] Listening on LVM2 metadata daemon socket.
[[0;32m  OK  [0m] Listening on Journal Audit Socket.
[[0;32m  OK  [0m] Listening on Journal Socket.
         Mounting Kernel Debug File System...
         Starting udev Coldplug all Devices...
         Starting Monitoring of LVM2 mirrors…ng dmeventd or progress polling...
         Starting Load Kernel Modules...
         Mounting Huge Pages File System...
         Mounting POSIX Message Queue File System...
         Starting Create list of required st…ce nodes for the current kernel...
         Starting Set the console keyboard layout...
         Starting Uncomplicated firewall...
         Starting File System Check on Root Device...
[[0;32m  OK  [0m] Listening on LVM2 poll daemon socket.
[[0;32m  OK  [0m] Listening on Syslog Socket.
         Starting Journal Service...
[[0;32m  OK  [0m] Mounted Kernel Debug File System.
[[0;32m  OK  [0m] Mounted Huge Pages File System.
[[0;32m  OK  [0m] Mounted POSIX Message Queue File System.
[[0;32m  OK  [0m] Started Create list of required sta…vice nodes for the current kernel.
         Starting Create Static Device Nodes in /dev...
[[0;32m  OK  [0m] Started udev Coldplug all Devices.
[[0;32m  OK  [0m] Started Uncomplicated firewall.
[[0;32m  OK  [0m] Started File System Check Daemon to report status.
[[0;32m  OK  [0m] Started Journal Service.
[   12.696394] Loading iSCSI transport class v2.0-870.
[[0;32m  OK  [0m] Started LVM2 metadata daemon.
[   12.910308] iscsi: registered transport (tcp)
[[0;32m  OK  [0m] Started File System Check on Root Device.
         Starting Remount Root and Kernel File Systems...
[[0;32m  OK  [0m] Started Create Static Device Nodes in /dev.
[[0;32m  OK  [0m] Started Set the console keyboard layout.
[   13.171774] iscsi: registered transport (iser)
[[0;32m  OK  [0m] Started Load Kernel Modules.
         Starting Apply Kernel Variables...
         Mounting FUSE Control File System...
         Mounting Kernel Configuration File System...
[[0;32m  OK  [0m] Mounted FUSE Control File System.
[[0;32m  OK  [0m] Mounted Kernel Configuration File System.
[   13.241337] EXT4-fs (sda1): re-mounted. Opts: (null)
[[0;32m  OK  [0m] Started Remount Root and Kernel File Systems.
         Starting udev Kernel Device Manager...
         Starting Load/Save Random Seed...
         Starting Flush Journal to Persistent Storage...
[[0;32m  OK  [0m] Started Monitoring of LVM2 mirrors,…sing dmeventd or progress polling.
[[0;32m  OK  [0m] Reached target Local File Systems (Pre).
[[0;32m  OK  [0m] Reached target Local File Systems.
         Starting Tell Plymouth To Write Out Runtime Data...
         Starting Set console font and keymap...
         Starting ebtables ruleset management...
         Starting Commit a transient machine-id on disk...
         Starting AppArmor initialization...
[[0;32m  OK  [0m] Started Apply Kernel Variables.
[[0;32m  OK  [0m] Started Load/Save Random Seed.
[[0;32m  OK  [0m] Started Tell Plymouth To Write Out Runtime Data.
[[0;32m  OK  [0m] Started Set console font and keymap.
[[0;32m  OK  [0m] Started udev Kernel Device Manager.
[[0;32m  OK  [0m] Started Dispatch Password Requests to Console Directory Watch.
[[0;32m  OK  [0m] Reached target Local Encrypted Volumes.
[[0;32m  OK  [0m] Started Flush Journal to Persistent Storage.
[[0;32m  OK  [0m] Started Commit a transient machine-id on disk.
         Starting Create Volatile Files and Directories...
[[0;32m  OK  [0m] Started ebtables ruleset management.
[[0;32m  OK  [0m] Started Create Volatile Files and Directories.
         Starting Update UTMP about System Boot/Shutdown...
[[0;32m  OK  [0m] Started Update UTMP about System Boot/Shutdown.
[[0;32m  OK  [0m] Found device /dev/ttyS0.
[[0;32m  OK  [0m] Listening on Load/Save RF Kill Switch Status /dev/rfkill Watch.
[[0;32m  OK  [0m] Started AppArmor initialization.
         Starting Load AppArmor profiles managed internally by snapd...
         Starting Initial cloud-init job (pre-networking)...
[[0;32m  OK  [0m] Started Load AppArmor profiles managed internally by snapd.
[   20.216445] cloud-init[552]: Cloud-init v. 21.2-3-g899bfaa9-0ubuntu2~18.04.1 running 'init-local' at Mon, 04 Oct 2021 22:49:37 +0000. Up 19.07 seconds.
[[0;32m  OK  [0m] Started Initial cloud-init job (pre-networking).
[[0;32m  OK  [0m] Reached target Network (Pre).
         Starting Network Service...
[[0;32m  OK  [0m] Started Network Service.
         Starting Wait for Network to be Configured...
         Starting Network Name Resolution...
[[0;32m  OK  [0m] Started Network Name Resolution.
[[0;32m  OK  [0m] Reached target Network.
[[0;32m  OK  [0m] Reached target Host and Network Name Lookups.
[[0;32m  OK  [0m] Started Wait for Network to be Configured.
         Starting Initial cloud-init job (metadata service crawler)...
[   23.184488] cloud-init[655]: Cloud-init v. 21.2-3-g899bfaa9-0ubuntu2~18.04.1 running 'init' at Mon, 04 Oct 2021 22:49:40 +0000. Up 22.99 seconds.
[   23.192379] cloud-init[655]: ci-info: +++++++++++++++++++++++++++++++++++++Net device info++++++++++++++++++++++++++++++++++++++
[   23.199225] cloud-init[655]: ci-info: +--------+------+---------------------------+---------------+--------+-------------------+
[   23.205977] cloud-init[655]: ci-info: | Device |  Up  |          Address          |      Mask     | Scope  |     Hw-Address    |
[   23.212756] cloud-init[655]: ci-info: +--------+------+---------------------------+---------------+--------+-------------------+
[   23.218533] cloud-init[655]: ci-info: | enp0s3 | True |         10.0.2.15         | 255.255.255.0 | global | 02:2f:77:f1:0c:e0 |
[   23.225142] cloud-init[655]: ci-info: | enp0s3 | True | fe80::2f:77ff:fef1:ce0/64 |       .       |  link  | 02:2f:77:f1:0c:e0 |
[   23.231567] cloud-init[655]: ci-info: |   lo   | True |         127.0.0.1         |   255.0.0.0   |  host  |         .         |
[   23.238418] cloud-init[655]: ci-info: |   lo   | True |          ::1/128          |       .       |  host  |         .         |
[   23.244962] cloud-init[655]: ci-info: +--------+------+---------------------------+---------------+--------+-------------------+
[   23.251158] cloud-init[655]: ci-info: ++++++++++++++++++++++++++++Route IPv4 info+++++++++++++++++++++++++++++
[   23.256420] cloud-init[655]: ci-info: +-------+-------------+----------+-----------------+-----------+-------+
[   23.261537] cloud-init[655]: ci-info: | Route | Destination | Gateway  |     Genmask     | Interface | Flags |
[   23.267107] cloud-init[655]: ci-info: +-------+-------------+----------+-----------------+-----------+-------+
[   23.272504] cloud-init[655]: ci-info: |   0   |   0.0.0.0   | 10.0.2.2 |     0.0.0.0     |   enp0s3  |   UG  |
[   23.277736] cloud-init[655]: ci-info: |   1   |   10.0.2.0  | 0.0.0.0  |  255.255.255.0  |   enp0s3  |   U   |
[   23.282819] cloud-init[655]: ci-info: |   2   |   10.0.2.2  | 0.0.0.0  | 255.255.255.255 |   enp0s3  |   UH  |
[   23.288916] cloud-init[655]: ci-info: +-------+-------------+----------+-----------------+-----------+-------+
[   23.298693] cloud-init[655]: ci-info: +++++++++++++++++++Route IPv6 info+++++++++++++++++++
[   23.306092] cloud-init[655]: ci-info: +-------+-------------+---------+-----------+-------+
[   23.313017] cloud-init[655]: ci-info: | Route | Destination | Gateway | Interface | Flags |
[   23.319309] cloud-init[655]: ci-info: +-------+-------------+---------+-----------+-------+
[   23.326816] cloud-init[655]: ci-info: |   1   |  fe80::/64  |    ::   |   enp0s3  |   U   |
[   23.334968] cloud-init[655]: ci-info: |   3   |    local    |    ::   |   enp0s3  |   U   |
[   23.346501] cloud-init[655]: ci-info: |   4   |   ff00::/8  |    ::   |   enp0s3  |   U   |
[   23.354405] cloud-init[655]: ci-info: +-------+-------------+---------+-----------+-------+
[   26.272709] cloud-init[655]: Generating public/private rsa key pair.
[   26.280938] cloud-init[655]: Your identification has been saved in /etc/ssh/ssh_host_rsa_key.
[   26.290657] cloud-init[655]: Your public key has been saved in /etc/ssh/ssh_host_rsa_key.pub.
[   26.299927] cloud-init[655]: The key fingerprint is:
[   26.308698] cloud-init[655]: SHA256:fvmzqv2keOCtUhSzmDsxW+qDWsyAtU7Z9KQ2Wz2TZqM root@ubuntu-bionic
[   26.318839] cloud-init[655]: The key's randomart image is:
[   26.326482] cloud-init[655]: +---[RSA 2048]----+
[   26.333758] cloud-init[655]: |                 |
[   26.341148] cloud-init[655]: |        o        |
[   26.348804] cloud-init[655]: |  . . .o +       |
[   26.356091] cloud-init[655]: | o = +=.+.       |
[   26.364198] cloud-init[655]: |. = = oOS        |
[   26.370981] cloud-init[655]: | o = +==o+ .     |
[   26.378697] cloud-init[655]: |  . =oE+.oo .    |
[   26.386182] [[0;32m  OK  [0m] Started Initial cloud-init job (metadata service crawler).
[[0;32m  OK  [0m] Reached target System Initialization.
cloud-init[655]: |   .. + .+o+.    |
[   26.399356] cloud-init[655]: |  ..   o+++o+o   |
[   26.406395] cloud-init[655]:          Starting LXD - unix socket.
[[0;32m  OK  [0m] Started Daily Cleanup of Temporary Directories.
[[0;32m  OK  [0m] Listening on UUID daemon activation socket.
[[0;32m  OK  [0m] Started Ubuntu Advantage update messaging.
[[0;32m  OK  [0m] Listening on D-Bus System Message Bus Socket.
         Starting Socket activation for snappy daemon.
[[0;32m  OK  [0m] Listening on Open-iSCSI iscsid Socket.
[[0;32m  OK  [0m] Started Message of the Day.
[[0;32m  OK  [0m] Started ACPI Events Check.
[[0;32m  OK  [0m] Started Daily apt download activities.
[[0;32m  OK  [0m] Listening on ACPID Listen Socket.
[[0;32m  OK  [0m] Reached target Paths.
[[0;32m  OK  [0m] Started Daily apt upgrade and clean activities.
[[0;32m  OK  [0m] Started Discard unused blocks once a week.
[[0;32m  OK  [0m] Reached target Timers.
[[0;32m  OK  [0m] Reached target Network is Online.
+----[SHA256]-----+
[   26.466925] cloud-init[655]: Generating public/private dsa key pair.
[   26.471458] cloud-init[655]: Your identification has been saved in /etc/ssh/ssh_host_dsa_key.
[   26.486369] cloud-init[655]: Your public key has been saved in /etc/ssh/ssh_host_dsa_key.pub.
[   26.498987] cloud-init[[0;32m  OK  [0m] Reached target Remote File Systems (Pre).
[[0;32m  OK  [0m] Reached target Remote File Systems.
         Starting Availability of block devices...
[[0;32m  OK  [0m] Reached target Cloud-config availability.
[[0;32m  OK  [0m] Listening on LXD - unix socket.
[[0;32m  OK  [0m] Listening on Socket activation for snappy daemon.
[[0;32m  OK  [0m] Reached target Sockets.
[[0;32m  OK  [0m] Reached target Basic System.
[[0;32m  OK  [0m] Started D-Bus System Message Bus.
[655]: The key fingerprint is:
[   26.540598] cloud-init[655]: SHA256:nlfYhvQxv7srP1xFV9Q02ppUtCV9TQ3eZHfMGxbqa/Q root@ubuntu-bionic
[   26.549438] cloud-init[655]: The key's randomart image is:
[   26.557532] cloud-init[655]: +---[DSA 1024]----+
[   26.565035] cloud-init[655]: |              +&^|
[   26.571954] cloud-init[655]: |             .=B^|
[   26.579675] cloud-init[655]: |          . o+o+*|
[   26.587172] cloud-init[655]: |         . =o+o..|
[   26.594533] cloud-init[655]: |        S o ==. .|
[   26.601670] cloud-init[655]: |       . . o. o..|
[   26.608629] cloud-init[655]: |        o .  +.E |
[   26.616630] cloud-init[655]: |         .  o o. |
[   26.623827] cloud-init[655]: |             o=+ |
[   26.630072] cloud-init[655]: +----[SHA256]-----+
[   26.638180] cloud-init[655]: Generating public/private ecdsa key pair.
[   26.645816] cloud-init[655]: Your identification has been saved in /etc/ssh/ssh_host_ecdsa_key.
[   26.654615] cloud-init[655]: Your public key has been saved in /etc/ssh/ssh_host_ecdsa_key.pub.
[   26.663122] cloud-init[655]: The key fingerprint is:
[   26.671084] cloud-init[655]: SHA256:wyZYZfWDswt4tzMLB1Ss4nC9d5nkm5ZuS8qI2skwD34 root@ubuntu-bionic
[   26.681387] cloud-init[655]: The key's randomart image is:
[   26.688743] cloud-init[655]: +---[ECDSA 256]---+
[   26.695871] cloud-init[655]: |        ooo      |
[   26.703756] cloud-init[655]: |       o ..o     |
[   26.711279] cloud-init[655]: |      ....o o    |
[   26.718819] cloud-init[655]: |    .oo+o  o..   |
[   26.726567] cloud-init[655]: |    .+o.S.oo o   |
[   26.734065] cloud-init[655]: |      .+.=.o=    |
[   26.741330] cloud-init[655]: |    +   ..*..+   |
[   26.749017]          Starting Virtualbox guest utils...
cloud-init         Starting Permit User Sessions...
[655]: |   . BEo = **    |         Starting LSB: Record successful boot for GRUB...

[   26.780167] cloud-init[655]: |    oo* . ++o.   |
[   26.789212] cloud-init[655]:          Starting Pollinate to seed the pseudo random number generator...
[[0;32m  OK  [0m] Started Deferred execution scheduler.
[[0;32m  OK  [0m] Started irqbalance daemon.
         Starting Login Service...
         Starting Accounts Service...
+----[SHA256]-----+
[   26.834750] cloud-init[655]: Generating public/private ed25519 key pair.
[   26.855678] cloud-init[655]: Your identification has been saved in /etc/ssh/ssh_host_ed25519_key.
[   26.876138] cloud-init[655]: Your public key has been saved in /etc/ssh/ssh_host_ed25519_key.pub.
[   26.887622] cloud-init[655]: The key fingerprint is:
[   26.896881] cloud-init[655]: SHA256:U/vhGTW5tYTT+qQBq9B2av4c98Q7ehqAAuxemB5C2SY root@ubuntu-bionic
         Starting Dispatcher daemon for systemd-networkd...
[   26.911715] cloud-init[655]: The key's randomart image is:
[   26.919893] cloud-init[655]: +--[ED25519 256]--+
[   26.927267] cloud-init[655]: |                 |
[   26.939127] cloud-init[655]: |    +         o. |
[   26.947489] cloud-init[655]: |   E =    .. o+o.|
[   26.962945] cloud-init[655]: |  . + + ....o.++.|
[   26.970751] cloud-init[655]: |   . = +S+.+oo.o |
[   26.978356] cloud-init[655]: |    + o +.+o.+*  |
[   26.988180] cloud-init[655]: |     o   + .++ + |
[   26.995574] cloud-init[655]: |        o . o +o.|
[   27.004380] cloud-init[655]: |         ..o o+o.|
[   27.012858] cloud-init[655]: +----[SHA256]-----+
         Starting Snap Daemon...
         Starting System Logging Service...
         Starting LSB: automatic crash report generation...
[[0;32m  OK  [0m] Started Regular background program processing daemon.
[[0;32m  OK  [0m] Started FUSE filesystem for LXC.
         Starting LXD - container startup/shutdown...
[[0;32m  OK  [0m] Started Availability of block devices.
[[0;32m  OK  [0m] Started Permit User Sessions.
[[0;32m  OK  [0m] Started Login Service.
[[0;32m  OK  [0m] Started Unattended Upgrades Shutdown.
         Starting Hold until boot process finishes up...
         Starting Terminate Plymouth Boot Screen...
[[0;32m  OK  [0m] Started Hold until boot process finishes up.
         Starting Set console scheme...
[[0;32m  OK  [0m] Started Serial Getty on ttyS0.
[[0;32m  OK  [0m] Started Terminate Plymouth Boot Screen.
[[0;32m  OK  [0m] Started System Logging Service.
[[0;32m  OK  [0m] Started Set console scheme.
[[0;32m  OK  [0m] Created slice system-getty.slice.
[[0;32m  OK  [0m] Started Getty on tty1.
[[0;32m  OK  [0m] Reached target Login Prompts.
[[0;32m  OK  [0m] Started LSB: automatic crash report generation.
[[0;32m  OK  [0m] Started LSB: Record successful boot for GRUB.
         Starting Authorization Manager...
[[0;32m  OK  [0m] Started Authorization Manager.
[[0;32m  OK  [0m] Started Accounts Service.
[[0;32m  OK  [0m] Started Virtualbox guest utils.
[[0;32m  OK  [0m] Started Dispatcher daemon for systemd-networkd.
[[0;32m  OK  [0m] Started LXD - container startup/shutdown.
[[0;32m  OK  [0m] Started Snap Daemon.
         Starting Wait until snapd is fully seeded...

Ubuntu 18.04.6 LTS ubuntu-bionic ttyS0

ubuntu-bionic login: [   40.461519] cloud-init[1190]: Cloud-init v. 21.2-3-g899bfaa9-0ubuntu2~18.04.1 running 'modules:config' at Mon, 04 Oct 2021 22:49:54 +0000. Up 36.08 seconds.
ci-info: no authorized SSH keys fingerprints found for user ubuntu.
<14>Oct  4 22:49:59 cloud-init: #############################################################
<14>Oct  4 22:49:59 cloud-init: -----BEGIN SSH HOST KEY FINGERPRINTS-----
<14>Oct  4 22:49:59 cloud-init: 1024 SHA256:nlfYhvQxv7srP1xFV9Q02ppUtCV9TQ3eZHfMGxbqa/Q root@ubuntu-bionic (DSA)
<14>Oct  4 22:49:59 cloud-init: 256 SHA256:wyZYZfWDswt4tzMLB1Ss4nC9d5nkm5ZuS8qI2skwD34 root@ubuntu-bionic (ECDSA)
<14>Oct  4 22:49:59 cloud-init: 256 SHA256:U/vhGTW5tYTT+qQBq9B2av4c98Q7ehqAAuxemB5C2SY root@ubuntu-bionic (ED25519)
<14>Oct  4 22:49:59 cloud-init: 2048 SHA256:fvmzqv2keOCtUhSzmDsxW+qDWsyAtU7Z9KQ2Wz2TZqM root@ubuntu-bionic (RSA)
<14>Oct  4 22:49:59 cloud-init: -----END SSH HOST KEY FINGERPRINTS-----
<14>Oct  4 22:49:59 cloud-init: #############################################################
-----BEGIN SSH HOST KEY KEYS-----
ecdsa-sha2-nistp256 AAAAE2VjZHNhLXNoYTItbmlzdHAyNTYAAAAIbmlzdHAyNTYAAABBBKndjV6H9TKP0rxjnPMZuWSjmCEgps5KyiftV6xgEAn4VAmtEx1/KTAJGZ6hv775qP4ooHHqDJdIgI43wt8TFGU= root@ubuntu-bionic
ssh-ed25519 AAAAC3NzaC1lZDI1NTE5AAAAIGwmKSWlgWMoZS/u1o5Z6ZMsLXnw1Tn0bq1yuWIDbtvS root@ubuntu-bionic
ssh-rsa AAAAB3NzaC1yc2EAAAADAQABAAABAQCfRhFpXzpPyNgjzAsKHkbkfrmDhf7qfyISJCrPQIS49J+eZRiSLl3V2CeozlAL0c7dYpgNVH1Gh/buRgFE1wx3Bn+/RIN+kzDT3a5dPzrjDHl08LvMwKuLGY5dZ2Iqhit5o9rQ69kk3h4OV2XSgPSajls088mYyfQSCZ2Rgj3uBOot5pH1CcvZb/yQM9f9nc/GejP4QqCCJrl1I7Qn8JglNj+C1hysVsxOyy0vd8dzjEtyzxi7MxAq1xWzjiQ+fSTyMQ+9QN/pAcjg67d2ohpWYFuhCilQjXe7BRzWltCsPhzcHvEf+n4N8N20197bWTOgapfeoSRJ+IMDmHD4eLwp root@ubuntu-bionic
-----END SSH HOST KEY KEYS-----
[   41.994139] cloud-init[1352]: Cloud-init v. 21.2-3-g899bfaa9-0ubuntu2~18.04.1 running 'modules:final' at Mon, 04 Oct 2021 22:49:59 +0000. Up 41.54 seconds.
[   41.994385] cloud-init[1352]: ci-info: no authorized SSH keys fingerprints found for user ubuntu.
[   41.997649] cloud-init[1352]: Cloud-init v. 21.2-3-g899bfaa9-0ubuntu2~18.04.1 finished at Mon, 04 Oct 2021 22:49:59 +0000. Datasource DataSourceNoCloud [seed=/dev/sdb][dsmode=net].  Up 41.98 seconds
